<?xml version="1.0" encoding="utf-8"?><testsuites name="pytest tests"><testsuite name="pytest" errors="0" failures="0" skipped="0" tests="19" time="20.990" timestamp="2026-02-05T07:09:32.584301+00:00" hostname="agent-env-86ac9b55-a346-4b4f-a1d5-67146fdd215b"><testcase classname="backend.tests.test_settings_activities_api.TestSiteSettingsAPI" name="test_get_settings_returns_defaults" time="0.505" /><testcase classname="backend.tests.test_settings_activities_api.TestSiteSettingsAPI" name="test_update_settings_hero_image" time="2.689" /><testcase classname="backend.tests.test_settings_activities_api.TestSiteSettingsAPI" name="test_update_settings_welcome_image" time="0.493" /><testcase classname="backend.tests.test_settings_activities_api.TestSiteSettingsAPI" name="test_update_settings_hero_text_bilingual" time="0.473" /><testcase classname="backend.tests.test_settings_activities_api.TestSiteSettingsAPI" name="test_update_settings_welcome_text_bilingual" time="0.364" /><testcase classname="backend.tests.test_settings_activities_api.TestSiteSettingsAPI" name="test_update_all_settings_at_once" time="0.365" /><testcase classname="backend.tests.test_settings_activities_api.TestSiteSettingsAPI" name="test_settings_partial_update" time="0.865" /><testcase classname="backend.tests.test_settings_activities_api.TestSiteSettingsAPI" name="test_reset_settings_to_defaults" time="0.800" /><testcase classname="backend.tests.test_settings_activities_api.TestActivitiesAPI" name="test_get_all_activities" time="0.801" /><testcase classname="backend.tests.test_settings_activities_api.TestActivitiesAPI" name="test_activities_sorted_by_day" time="0.473" /><testcase classname="backend.tests.test_settings_activities_api.TestActivitiesAPI" name="test_create_activity" time="0.720" /><testcase classname="backend.tests.test_settings_activities_api.TestActivitiesAPI" name="test_activity_crud_full_cycle" time="2.846" /><testcase classname="backend.tests.test_settings_activities_api.TestActivitiesAPI" name="test_activity_bilingual_fields" time="1.047" /><testcase classname="backend.tests.test_settings_activities_api.TestActivitiesAPI" name="test_activity_day_validation" time="5.734" /><testcase classname="backend.tests.test_settings_activities_api.TestActivitiesAPI" name="test_update_nonexistent_activity" time="0.468" /><testcase classname="backend.tests.test_settings_activities_api.TestActivitiesAPI" name="test_delete_nonexistent_activity" time="0.694" /><testcase classname="backend.tests.test_settings_activities_api.TestSeededActivities" name="test_seeded_activities_exist" time="0.363" /><testcase classname="backend.tests.test_settings_activities_api.TestSeededActivities" name="test_seeded_activities_have_required_fields" time="0.476" /><testcase classname="backend.tests.test_settings_activities_api.TestSeededActivities" name="test_seeded_activities_cover_multiple_days" time="0.686" /></testsuite></testsuites>