<?xml version="1.0" encoding="utf-8"?><testsuites name="pytest tests"><testsuite name="pytest" errors="0" failures="0" skipped="0" tests="20" time="31.642" timestamp="2026-02-05T06:41:46.187380+00:00" hostname="agent-env-86ac9b55-a346-4b4f-a1d5-67146fdd215b"><testcase classname="backend.tests.test_cms_api.TestHealthAndBasicEndpoints" name="test_health_endpoint" time="0.398" /><testcase classname="backend.tests.test_cms_api.TestHealthAndBasicEndpoints" name="test_api_events_endpoint" time="0.477" /><testcase classname="backend.tests.test_cms_api.TestHealthAndBasicEndpoints" name="test_api_news_endpoint" time="0.474" /><testcase classname="backend.tests.test_cms_api.TestHealthAndBasicEndpoints" name="test_api_committee_endpoint" time="0.474" /><testcase classname="backend.tests.test_cms_api.TestHealthAndBasicEndpoints" name="test_api_groups_endpoint" time="0.473" /><testcase classname="backend.tests.test_cms_api.TestAdminAuthentication" name="test_login_with_valid_credentials" time="1.060" /><testcase classname="backend.tests.test_cms_api.TestAdminAuthentication" name="test_login_with_invalid_credentials" time="0.476" /><testcase classname="backend.tests.test_cms_api.TestAdminAuthentication" name="test_register_admin_if_not_exists" time="0.581" /><testcase classname="backend.tests.test_cms_api.TestNewsCRUD" name="test_create_news_article" time="1.702" /><testcase classname="backend.tests.test_cms_api.TestNewsCRUD" name="test_get_all_news" time="0.360" /><testcase classname="backend.tests.test_cms_api.TestNewsCRUD" name="test_get_published_news" time="0.359" /><testcase classname="backend.tests.test_cms_api.TestNewsCRUD" name="test_news_crud_full_cycle" time="4.146" /><testcase classname="backend.tests.test_cms_api.TestEventsCRUD" name="test_create_event" time="2.225" /><testcase classname="backend.tests.test_cms_api.TestEventsCRUD" name="test_events_crud_full_cycle" time="4.125" /><testcase classname="backend.tests.test_cms_api.TestCommitteeCRUD" name="test_create_committee_member" time="2.008" /><testcase classname="backend.tests.test_cms_api.TestCommitteeCRUD" name="test_committee_crud_full_cycle" time="2.362" /><testcase classname="backend.tests.test_cms_api.TestGroupsCRUD" name="test_create_group" time="2.233" /><testcase classname="backend.tests.test_cms_api.TestGroupsCRUD" name="test_groups_crud_full_cycle" time="2.922" /><testcase classname="backend.tests.test_cms_api.TestBilingualSupport" name="test_news_has_bilingual_fields" time="2.111" /><testcase classname="backend.tests.test_cms_api.TestBilingualSupport" name="test_groups_have_bilingual_fields" time="2.559" /></testsuite></testsuites>