<?xml version="1.0" encoding="utf-8"?><testsuites name="pytest tests"><testsuite name="pytest" errors="0" failures="0" skipped="0" tests="16" time="4.104" timestamp="2026-02-22T11:19:24.117859+00:00" hostname="agent-env-8d70d53f-6a2a-48cd-9f3a-7f7557c9f71a"><testcase classname="tests.test_documents_api.TestDocumentUploadAPI" name="test_upload_pdf_document" time="0.178" /><testcase classname="tests.test_documents_api.TestDocumentUploadAPI" name="test_upload_doc_document" time="0.187" /><testcase classname="tests.test_documents_api.TestDocumentUploadAPI" name="test_upload_docx_document" time="0.149" /><testcase classname="tests.test_documents_api.TestDocumentUploadAPI" name="test_reject_txt_file" time="0.073" /><testcase classname="tests.test_documents_api.TestDocumentUploadAPI" name="test_reject_image_file" time="0.224" /><testcase classname="tests.test_documents_api.TestDocumentUploadAPI" name="test_reject_exe_file" time="0.091" /><testcase classname="tests.test_documents_api.TestDocumentCRUDAPI" name="test_get_documents_empty_or_list" time="0.090" /><testcase classname="tests.test_documents_api.TestDocumentCRUDAPI" name="test_create_document" time="0.181" /><testcase classname="tests.test_documents_api.TestDocumentCRUDAPI" name="test_create_and_get_document" time="0.163" /><testcase classname="tests.test_documents_api.TestDocumentCRUDAPI" name="test_update_document" time="0.347" /><testcase classname="tests.test_documents_api.TestDocumentCRUDAPI" name="test_update_nonexistent_document" time="0.077" /><testcase classname="tests.test_documents_api.TestDocumentCRUDAPI" name="test_delete_document" time="0.264" /><testcase classname="tests.test_documents_api.TestDocumentCRUDAPI" name="test_delete_nonexistent_document" time="0.343" /><testcase classname="tests.test_documents_api.TestDocumentReorderAPI" name="test_reorder_documents" time="0.527" /><testcase classname="tests.test_documents_api.TestDocumentReorderAPI" name="test_reorder_with_empty_list" time="0.348" /><testcase classname="tests.test_documents_api.TestDocumentOrderPersistence" name="test_documents_returned_in_order" time="0.750" /></testsuite></testsuites>