<?xml version="1.0" encoding="utf-8"?><testsuites name="pytest tests"><testsuite name="pytest" errors="0" failures="0" skipped="0" tests="17" time="11.939" timestamp="2026-02-19T12:01:09.198450+00:00" hostname="agent-env-3e786cb4-49c7-4140-ad4f-8da450147372"><testcase classname="backend.tests.test_upload_api.TestUploadAPI" name="test_upload_jpg_image" time="0.610" /><testcase classname="backend.tests.test_upload_api.TestUploadAPI" name="test_upload_png_image" time="0.476" /><testcase classname="backend.tests.test_upload_api.TestUploadAPI" name="test_upload_gif_image" time="0.430" /><testcase classname="backend.tests.test_upload_api.TestUploadAPI" name="test_upload_webp_image" time="0.434" /><testcase classname="backend.tests.test_upload_api.TestUploadAPI" name="test_upload_svg_image" time="0.431" /><testcase classname="backend.tests.test_upload_api.TestUploadAPI" name="test_upload_invalid_file_type_txt" time="0.422" /><testcase classname="backend.tests.test_upload_api.TestUploadAPI" name="test_upload_invalid_file_type_pdf" time="0.455" /><testcase classname="backend.tests.test_upload_api.TestUploadAPI" name="test_upload_invalid_file_type_exe" time="0.515" /><testcase classname="backend.tests.test_upload_api.TestUploadAPI" name="test_upload_file_too_large" time="2.246" /><testcase classname="backend.tests.test_upload_api.TestUploadAPI" name="test_upload_and_serve_static_file" time="0.961" /><testcase classname="backend.tests.test_upload_api.TestUploadAPI" name="test_upload_response_structure" time="0.439" /><testcase classname="backend.tests.test_upload_api.TestDeleteAPI" name="test_delete_uploaded_file" time="1.326" /><testcase classname="backend.tests.test_upload_api.TestDeleteAPI" name="test_delete_nonexistent_file" time="0.403" /><testcase classname="backend.tests.test_upload_api.TestDeleteAPI" name="test_delete_path_traversal_prevention" time="0.450" /><testcase classname="backend.tests.test_upload_api.TestDeleteAPI" name="test_delete_with_slash_in_filename" time="0.457" /><testcase classname="backend.tests.test_upload_api.TestStaticFileServing" name="test_access_nonexistent_file" time="0.406" /><testcase classname="backend.tests.test_upload_api.TestStaticFileServing" name="test_upload_and_verify_content" time="1.305" /></testsuite></testsuites>