<?xml version="1.0" encoding="utf-8"?><testsuites name="pytest tests"><testsuite name="pytest" errors="0" failures="2" skipped="0" tests="17" time="12.049" timestamp="2026-02-19T12:00:39.459278+00:00" hostname="agent-env-3e786cb4-49c7-4140-ad4f-8da450147372"><testcase classname="backend.tests.test_upload_api.TestUploadAPI" name="test_upload_jpg_image" time="0.570" /><testcase classname="backend.tests.test_upload_api.TestUploadAPI" name="test_upload_png_image" time="0.599" /><testcase classname="backend.tests.test_upload_api.TestUploadAPI" name="test_upload_gif_image" time="0.454" /><testcase classname="backend.tests.test_upload_api.TestUploadAPI" name="test_upload_webp_image" time="0.465" /><testcase classname="backend.tests.test_upload_api.TestUploadAPI" name="test_upload_svg_image" time="0.446" /><testcase classname="backend.tests.test_upload_api.TestUploadAPI" name="test_upload_invalid_file_type_txt" time="0.459" /><testcase classname="backend.tests.test_upload_api.TestUploadAPI" name="test_upload_invalid_file_type_pdf" time="0.431" /><testcase classname="backend.tests.test_upload_api.TestUploadAPI" name="test_upload_invalid_file_type_exe" time="0.415" /><testcase classname="backend.tests.test_upload_api.TestUploadAPI" name="test_upload_file_too_large" time="1.993" /><testcase classname="backend.tests.test_upload_api.TestUploadAPI" name="test_upload_and_serve_static_file" time="0.996" /><testcase classname="backend.tests.test_upload_api.TestUploadAPI" name="test_upload_response_structure" time="0.488" /><testcase classname="backend.tests.test_upload_api.TestDeleteAPI" name="test_delete_uploaded_file" time="1.363" /><testcase classname="backend.tests.test_upload_api.TestDeleteAPI" name="test_delete_nonexistent_file" time="0.411" /><testcase classname="backend.tests.test_upload_api.TestDeleteAPI" name="test_delete_path_traversal_prevention" time="0.483"><failure message="AssertionError: Path traversal should be blocked, got 404&#10;assert 404 == 400&#10; +  where 404 = &lt;Response [404]&gt;.status_code">backend/tests/test_upload_api.py:297: in test_delete_path_traversal_prevention
    assert response.status_code == 400, f"Path traversal should be blocked, got {response.status_code}"
E   AssertionError: Path traversal should be blocked, got 404
E   assert 404 == 400
E    +  where 404 = &lt;Response [404]&gt;.status_code</failure></testcase><testcase classname="backend.tests.test_upload_api.TestDeleteAPI" name="test_delete_with_slash_in_filename" time="0.396"><failure message="AssertionError: Slash in filename should be blocked, got 404&#10;assert 404 == 400&#10; +  where 404 = &lt;Response [404]&gt;.status_code">backend/tests/test_upload_api.py:303: in test_delete_with_slash_in_filename
    assert response.status_code == 400, f"Slash in filename should be blocked, got {response.status_code}"
E   AssertionError: Slash in filename should be blocked, got 404
E   assert 404 == 400
E    +  where 404 = &lt;Response [404]&gt;.status_code</failure></testcase><testcase classname="backend.tests.test_upload_api.TestStaticFileServing" name="test_access_nonexistent_file" time="0.438" /><testcase classname="backend.tests.test_upload_api.TestStaticFileServing" name="test_upload_and_verify_content" time="1.434" /></testsuite></testsuites>