<?xml version="1.0" encoding="utf-8"?><testsuites name="pytest tests"><testsuite name="pytest" errors="0" failures="0" skipped="0" tests="8" time="2.132" timestamp="2026-03-27T11:57:52.031667+00:00" hostname="agent-env-378be32b-6af4-44bd-98a1-4bd7a88c11f8"><testcase classname="backend.tests.test_useful_links_api.TestUsefulLinksAPI" name="test_get_useful_links_returns_list" time="0.195" /><testcase classname="backend.tests.test_useful_links_api.TestUsefulLinksAPI" name="test_create_useful_link_success" time="0.351" /><testcase classname="backend.tests.test_useful_links_api.TestUsefulLinksAPI" name="test_create_useful_link_minimal_fields" time="0.225" /><testcase classname="backend.tests.test_useful_links_api.TestUsefulLinksAPI" name="test_update_useful_link_success" time="0.304" /><testcase classname="backend.tests.test_useful_links_api.TestUsefulLinksAPI" name="test_update_nonexistent_link_returns_404" time="0.071" /><testcase classname="backend.tests.test_useful_links_api.TestUsefulLinksAPI" name="test_delete_useful_link_success" time="0.204" /><testcase classname="backend.tests.test_useful_links_api.TestUsefulLinksAPI" name="test_delete_nonexistent_link_returns_404" time="0.083" /><testcase classname="backend.tests.test_useful_links_api.TestUsefulLinksAPI" name="test_links_ordered_by_order_field" time="0.561" /></testsuite></testsuites>